<?xml version="1.0" encoding="UTF-8"?>
<!-- Generated by org.testng.reporters.JUnitReportReporter -->
<testsuite hostname="WKWZTjY8YQomnow" failures="0" tests="1" name="com.qa.test.TestCase001" time="9.797" errors="0" timestamp="2024-07-27T00:09:24 IST" skipped="0">
  <testcase classname="com.qa.test.TestCase001" name="enter_Credentials" time="9.797"/>
</testsuite> <!-- com.qa.test.TestCase001 -->
